TN:
SF:src\app.ts
FN:7,main
FNF:1
FNH:1
FNDA:2,main
DA:1,1
DA:2,1
DA:3,1
DA:4,1
DA:5,1
DA:6,1
DA:7,2
DA:8,2
DA:9,2
DA:10,2
DA:11,2
DA:12,2
DA:13,2
DA:14,2
DA:15,2
DA:16,2
DA:17,2
DA:18,2
DA:19,2
DA:20,2
DA:21,2
DA:22,2
DA:23,2
DA:24,2
DA:25,2
DA:26,1
DA:27,1
LF:27
LH:27
BRDA:7,0,0,2
BRF:1
BRH:1
end_of_record
TN:
SF:src\config\bcrypt.adapter.ts
FN:4,hash
FN:9,compare
FNF:2
FNH:2
FNDA:2,hash
FNDA:2,compare
DA:1,1
DA:2,1
DA:3,1
DA:4,1
DA:5,2
DA:6,2
DA:7,1
DA:8,1
DA:9,1
DA:10,2
DA:11,1
DA:12,1
LF:12
LH:12
BRDA:4,0,0,2
BRDA:9,1,0,2
BRF:2
BRH:2
end_of_record
TN:
SF:src\config\env.ts
FNF:0
FNH:0
DA:1,1
DA:2,1
DA:3,1
DA:4,1
DA:5,1
DA:6,1
DA:7,1
DA:8,1
DA:9,1
DA:10,1
DA:11,1
DA:12,1
DA:13,1
DA:14,1
DA:15,1
DA:16,1
DA:17,1
DA:18,1
DA:19,1
DA:20,1
DA:21,1
DA:22,1
DA:23,1
DA:24,1
DA:25,1
DA:26,1
DA:27,1
DA:28,1
DA:29,1
LF:29
LH:29
BRF:0
BRH:0
end_of_record
TN:
SF:src\config\index.ts
FNF:0
FNH:0
DA:1,1
DA:2,1
DA:3,1
LF:3
LH:3
BRF:0
BRH:0
end_of_record
TN:
SF:src\config\jwt.adapter.ts
FN:7,generateToken
FN:18,validateToken
FNF:2
FNH:2
FNDA:2,generateToken
FNDA:1,validateToken
DA:1,1
DA:2,1
DA:3,1
DA:4,1
DA:5,1
DA:6,1
DA:7,1
DA:8,2
DA:9,2
DA:10,2
DA:11,2
DA:12,2
DA:13,2
DA:14,2
DA:15,2
DA:16,2
DA:17,1
DA:18,1
DA:19,1
DA:20,1
DA:21,1
DA:22,1
DA:23,1
DA:24,1
DA:25,1
DA:26,1
DA:27,1
LF:27
LH:27
BRDA:7,0,0,2
BRDA:7,1,0,2
BRDA:8,2,0,2
BRDA:10,3,0,2
BRDA:11,4,0,0
BRDA:18,5,0,1
BRDA:19,6,0,1
BRDA:20,7,0,1
BRDA:21,8,0,0
BRF:9
BRH:7
end_of_record
TN:
SF:src\config\regular-exp.ts
FNF:0
FNH:0
DA:1,1
DA:2,1
DA:3,1
DA:4,1
DA:5,1
LF:5
LH:5
BRF:0
BRH:0
end_of_record
TN:
SF:src\config\s3.config.ts
FNF:0
FNH:0
DA:1,1
DA:2,1
DA:3,1
DA:4,1
DA:5,1
DA:6,1
DA:7,1
DA:8,1
DA:9,1
DA:10,1
DA:11,1
DA:12,1
LF:12
LH:12
BRF:0
BRH:0
end_of_record
TN:
SF:src\config\upload-files-cloud.adapter.ts
FN:23,uploadSingleFile
FN:41,getFile
FN:56,deleteFile
FNF:3
FNH:1
FNDA:0,uploadSingleFile
FNDA:1,getFile
FNDA:0,deleteFile
DA:1,1
DA:2,1
DA:3,1
DA:4,1
DA:5,1
DA:6,1
DA:7,1
DA:8,1
DA:9,1
DA:10,1
DA:11,1
DA:12,1
DA:13,1
DA:14,1
DA:15,1
DA:16,1
DA:17,1
DA:18,1
DA:19,1
DA:20,1
DA:21,1
DA:22,1
DA:23,1
DA:24,0
DA:25,0
DA:26,0
DA:27,0
DA:28,0
DA:29,0
DA:30,0
DA:31,0
DA:32,0
DA:33,0
DA:34,0
DA:35,0
DA:36,0
DA:37,0
DA:38,0
DA:39,0
DA:40,1
DA:41,1
DA:42,1
DA:43,1
DA:44,1
DA:45,1
DA:46,1
DA:47,1
DA:48,1
DA:49,1
DA:50,1
DA:51,1
DA:52,1
DA:53,1
DA:54,1
DA:55,1
DA:56,1
DA:57,0
DA:58,0
DA:59,0
DA:60,0
DA:61,0
DA:62,0
DA:63,0
DA:64,0
DA:65,1
LF:65
LH:41
BRDA:41,0,0,1
BRF:1
BRH:1
end_of_record
TN:
SF:src\config\upload-files.adapter.ts
FN:20,uploadSingleFile
FN:22,uploadMultipleFiles
FNF:2
FNH:2
FNDA:3,uploadSingleFile
FNDA:3,uploadMultipleFiles
DA:1,1
DA:2,1
DA:3,1
DA:4,1
DA:5,1
DA:6,1
DA:7,1
DA:8,1
DA:9,1
DA:10,1
DA:11,1
DA:12,1
DA:13,1
DA:14,1
DA:15,1
DA:16,1
DA:17,1
DA:18,1
DA:19,1
DA:20,1
DA:21,1
DA:22,1
DA:23,1
LF:23
LH:23
BRDA:20,0,0,3
BRDA:22,1,0,3
BRF:2
BRH:2
end_of_record
TN:
SF:src\config\uuid.adapter.ts
FN:3,generateUUID
FNF:1
FNH:0
FNDA:0,generateUUID
DA:1,1
DA:2,1
DA:3,1
DA:4,0
DA:5,0
LF:5
LH:3
BRF:0
BRH:0
end_of_record
TN:
SF:src\config\validate-owner.ts
FN:1,protectAccountOwner
FNF:1
FNH:0
FNDA:0,protectAccountOwner
DA:1,1
DA:2,0
DA:3,0
DA:4,0
DA:5,0
DA:6,0
DA:7,0
DA:8,0
DA:9,0
LF:9
LH:1
BRF:0
BRH:0
end_of_record
TN:
SF:src\data\index.ts
FNF:0
FNH:0
DA:1,1
DA:2,1
DA:3,1
DA:4,1
DA:5,1
LF:5
LH:5
BRF:0
BRH:0
end_of_record
TN:
SF:src\data\postgres\postgres-database.ts
FN:17,PostgresDatabase
FN:33,connect
FNF:2
FNH:2
FNDA:3,PostgresDatabase
FNDA:3,connect
DA:1,1
DA:2,1
DA:3,1
DA:4,1
DA:5,1
DA:6,1
DA:7,1
DA:8,1
DA:9,1
DA:10,1
DA:11,1
DA:12,1
DA:13,1
DA:14,1
DA:15,1
DA:16,1
DA:17,1
DA:18,3
DA:19,3
DA:20,3
DA:21,3
DA:22,3
DA:23,3
DA:24,3
DA:25,3
DA:26,3
DA:27,3
DA:28,3
DA:29,3
DA:30,3
DA:31,3
DA:32,1
DA:33,1
DA:34,3
DA:35,3
DA:36,3
DA:37,3
DA:38,0
DA:39,0
DA:40,3
DA:41,1
LF:41
LH:39
BRDA:17,0,0,3
BRDA:33,1,0,3
BRDA:37,2,0,0
BRF:3
BRH:2
end_of_record
TN:
SF:src\data\postgres\models\comment.model.ts
FN:23,default
FN:32,Object.<anonymous>.__decorate.name
FN:36,Object.<anonymous>.__decorate.name
FNF:3
FNH:3
FNDA:3,default
FNDA:3,Object.<anonymous>.__decorate.name
FNDA:3,Object.<anonymous>.__decorate.name
DA:1,1
DA:2,1
DA:3,1
DA:4,1
DA:5,1
DA:6,1
DA:7,1
DA:8,1
DA:9,1
DA:10,1
DA:11,1
DA:12,1
DA:13,1
DA:14,1
DA:15,1
DA:16,1
DA:17,1
DA:18,1
DA:19,1
DA:20,1
DA:21,1
DA:22,1
DA:23,1
DA:24,1
DA:25,1
DA:26,1
DA:27,1
DA:28,1
DA:29,1
DA:30,1
DA:31,1
DA:32,1
DA:33,1
DA:34,1
DA:35,1
DA:36,1
DA:37,1
DA:38,1
DA:39,1
LF:39
LH:39
BRDA:23,0,0,3
BRDA:32,1,0,3
BRDA:32,2,0,3
BRDA:36,3,0,3
BRDA:36,4,0,3
BRF:5
BRH:5
end_of_record
TN:
SF:src\data\postgres\models\post.model.ts
FN:34,default
FN:43,Object.<anonymous>.__decorate.name
FNF:2
FNH:2
FNDA:3,default
FNDA:3,Object.<anonymous>.__decorate.name
DA:1,1
DA:2,1
DA:3,1
DA:4,1
DA:5,1
DA:6,1
DA:7,1
DA:8,1
DA:9,1
DA:10,1
DA:11,1
DA:12,1
DA:13,1
DA:14,1
DA:15,1
DA:16,1
DA:17,1
DA:18,1
DA:19,1
DA:20,1
DA:21,1
DA:22,1
DA:23,1
DA:24,1
DA:25,1
DA:26,1
DA:27,1
DA:28,1
DA:29,1
DA:30,1
DA:31,1
DA:32,1
DA:33,1
DA:34,1
DA:35,1
DA:36,1
DA:37,1
DA:38,1
DA:39,1
DA:40,1
DA:41,1
DA:42,1
DA:43,1
DA:44,1
DA:45,1
DA:46,1
DA:47,1
DA:48,1
DA:49,1
LF:49
LH:49
BRDA:34,0,0,3
BRDA:43,1,0,3
BRDA:43,2,0,3
BRDA:47,3,0,3
BRDA:47,4,0,3
BRF:5
BRH:5
end_of_record
TN:
SF:src\data\postgres\models\user.model.ts
FN:84,encryptedPassword
FNF:1
FNH:1
FNDA:2,encryptedPassword
DA:1,1
DA:2,1
DA:3,1
DA:4,1
DA:5,1
DA:6,1
DA:7,1
DA:8,1
DA:9,1
DA:10,1
DA:11,1
DA:12,1
DA:13,2
DA:14,2
DA:15,2
DA:16,2
DA:17,2
DA:18,1
DA:19,2
DA:20,2
DA:21,2
DA:22,2
DA:23,2
DA:24,1
DA:25,1
DA:26,1
DA:27,1
DA:28,1
DA:29,1
DA:30,1
DA:31,1
DA:32,1
DA:33,1
DA:34,1
DA:35,1
DA:36,1
DA:37,1
DA:38,1
DA:39,1
DA:40,1
DA:41,1
DA:42,1
DA:43,1
DA:44,1
DA:45,1
DA:46,1
DA:47,1
DA:48,1
DA:49,1
DA:50,1
DA:51,1
DA:52,1
DA:53,1
DA:54,1
DA:55,1
DA:56,1
DA:57,1
DA:58,1
DA:59,1
DA:60,1
DA:61,1
DA:62,1
DA:63,1
DA:64,1
DA:65,1
DA:66,1
DA:67,1
DA:68,1
DA:69,1
DA:70,1
DA:71,1
DA:72,1
DA:73,1
DA:74,1
DA:75,1
DA:76,1
DA:77,1
DA:78,1
DA:79,1
DA:80,1
DA:81,1
DA:82,1
DA:83,1
DA:84,1
DA:85,2
DA:86,2
DA:87,1
LF:87
LH:87
BRDA:13,0,0,2
BRDA:19,1,0,2
BRDA:84,2,0,2
BRDA:77,3,0,3
BRDA:77,4,0,3
BRDA:80,5,0,3
BRDA:80,6,0,3
BRF:7
BRH:7
end_of_record
TN:
SF:src\domain\index.ts
FN:1,get
FN:3,get
FN:4,get
FN:6,get
FN:7,get
FN:8,get
FNF:6
FNH:3
FNDA:0,get
FNDA:4,get
FNDA:1,get
FNDA:4,get
FNDA:0,get
FNDA:0,get
DA:1,1
DA:2,1
DA:3,1
DA:4,1
DA:5,1
DA:6,1
DA:7,1
DA:8,1
LF:8
LH:8
BRDA:3,0,0,4
BRDA:4,1,0,1
BRDA:6,2,0,4
BRF:3
BRH:3
end_of_record
TN:
SF:src\domain\dtos\comment\create-comment.dto.ts
FN:4,CreateCommentDTO
FN:6,create
FNF:2
FNH:0
FNDA:0,CreateCommentDTO
FNDA:0,create
DA:1,1
DA:2,1
DA:3,1
DA:4,1
DA:5,1
DA:6,1
DA:7,0
DA:8,0
DA:9,0
DA:10,0
DA:11,0
DA:12,0
DA:13,0
DA:14,0
DA:15,0
DA:16,0
DA:17,0
DA:18,0
DA:19,0
DA:20,0
DA:21,0
DA:22,0
DA:23,0
DA:24,0
DA:25,0
DA:26,0
DA:27,0
DA:28,0
DA:29,1
LF:29
LH:7
BRF:0
BRH:0
end_of_record
TN:
SF:src\domain\dtos\post\post.dto.ts
FN:4,CreatePostDTO
FN:10,create
FNF:2
FNH:0
FNDA:0,CreatePostDTO
FNDA:0,create
DA:1,1
DA:2,1
DA:3,1
DA:4,1
DA:5,0
DA:6,0
DA:7,0
DA:8,0
DA:9,1
DA:10,1
DA:11,0
DA:12,0
DA:13,0
DA:14,0
DA:15,0
DA:16,0
DA:17,0
DA:18,0
DA:19,0
DA:20,0
DA:21,0
DA:22,0
DA:23,0
DA:24,0
DA:25,0
DA:26,0
DA:27,0
DA:28,0
DA:29,1
LF:29
LH:7
BRF:0
BRH:0
end_of_record
TN:
SF:src\domain\dtos\post\update-post.dto.ts
FN:2,UpdatePostDTO
FN:4,create
FNF:2
FNH:0
FNDA:0,UpdatePostDTO
FNDA:0,create
DA:1,1
DA:2,1
DA:3,1
DA:4,1
DA:5,0
DA:6,0
DA:7,0
DA:8,0
DA:9,0
DA:10,0
DA:11,0
DA:12,0
DA:13,0
DA:14,0
DA:15,0
DA:16,0
DA:17,0
DA:18,0
DA:19,0
DA:20,0
DA:21,0
DA:22,0
DA:23,1
LF:23
LH:5
BRF:0
BRH:0
end_of_record
TN:
SF:src\domain\dtos\user\login-user.dto.ts
FN:4,LoginUserDto
FN:6,create
FNF:2
FNH:2
FNDA:3,LoginUserDto
FNDA:4,create
DA:1,1
DA:2,1
DA:3,1
DA:4,1
DA:5,1
DA:6,1
DA:7,4
DA:8,4
DA:9,4
DA:10,4
DA:11,4
DA:12,3
DA:13,4
DA:14,0
DA:15,0
DA:16,3
DA:17,3
DA:18,3
DA:19,1
LF:19
LH:17
BRDA:4,0,0,3
BRDA:6,1,0,4
BRDA:9,2,0,1
BRDA:10,3,0,3
BRDA:10,4,0,0
BRDA:11,5,0,3
BRDA:11,6,0,0
BRDA:12,7,0,3
BRDA:13,8,0,0
BRDA:16,9,0,3
BRF:10
BRH:7
end_of_record
TN:
SF:src\domain\dtos\user\register-user.dto.ts
FN:4,RegisterUserDTO
FN:12,create
FNF:2
FNH:2
FNDA:1,RegisterUserDTO
FNDA:1,create
DA:1,1
DA:2,1
DA:3,1
DA:4,1
DA:5,1
DA:6,1
DA:7,1
DA:8,1
DA:9,1
DA:10,1
DA:11,1
DA:12,1
DA:13,1
DA:14,1
DA:15,1
DA:16,1
DA:17,1
DA:18,1
DA:19,1
DA:20,1
DA:21,1
DA:22,0
DA:23,0
DA:24,1
DA:25,1
DA:26,1
DA:27,1
DA:28,1
DA:29,1
DA:30,1
DA:31,1
LF:31
LH:29
BRDA:4,0,0,1
BRDA:12,1,0,1
BRDA:15,2,0,0
BRDA:16,3,0,0
BRDA:17,4,0,0
BRDA:18,5,0,0
BRDA:19,6,0,0
BRDA:21,7,0,0
BRDA:24,8,0,0
BRF:9
BRH:2
end_of_record
TN:
SF:src\domain\errors\custom.error.ts
FN:2,CustomError
FN:9,badRequest
FN:13,unAuthorized
FN:17,forbiden
FN:21,notFoud
FN:25,internalServer
FNF:6
FNH:2
FNDA:2,CustomError
FNDA:0,badRequest
FNDA:2,unAuthorized
FNDA:0,forbiden
FNDA:0,notFoud
FNDA:0,internalServer
DA:1,1
DA:2,1
DA:3,2
DA:4,2
DA:5,2
DA:6,2
DA:7,2
DA:8,1
DA:9,1
DA:10,0
DA:11,1
DA:12,1
DA:13,1
DA:14,2
DA:15,2
DA:16,1
DA:17,1
DA:18,0
DA:19,0
DA:20,1
DA:21,1
DA:22,0
DA:23,0
DA:24,1
DA:25,1
DA:26,0
DA:27,0
DA:28,1
LF:28
LH:21
BRDA:2,0,0,2
BRDA:13,1,0,2
BRF:2
BRH:2
end_of_record
TN:
SF:src\presentation\routes.ts
FN:7,get routes
FNF:1
FNH:1
FNDA:3,get routes
DA:1,1
DA:2,1
DA:3,1
DA:4,1
DA:5,1
DA:6,1
DA:7,1
DA:8,3
DA:9,3
DA:10,3
DA:11,0
DA:12,0
DA:13,0
DA:14,3
DA:15,3
DA:16,3
DA:17,3
DA:18,3
DA:19,3
DA:20,3
DA:21,1
LF:21
LH:18
BRDA:7,0,0,3
BRF:1
BRH:1
end_of_record
TN:
SF:src\presentation\server.ts
FN:21,Server
FN:26,start
FN:42,origin
FNF:3
FNH:3
FNDA:1,Server
FNDA:1,start
FNDA:6,origin
DA:1,1
DA:2,1
DA:3,1
DA:4,1
DA:5,1
DA:6,1
DA:7,1
DA:8,1
DA:9,1
DA:10,1
DA:11,1
DA:12,1
DA:13,1
DA:14,1
DA:15,1
DA:16,1
DA:17,1
DA:18,1
DA:19,1
DA:20,1
DA:21,1
DA:22,1
DA:23,1
DA:24,1
DA:25,1
DA:26,1
DA:27,1
DA:28,1
DA:29,1
DA:30,1
DA:31,1
DA:32,1
DA:33,1
DA:34,1
DA:35,1
DA:36,1
DA:37,1
DA:38,1
DA:39,1
DA:40,1
DA:41,1
DA:42,1
DA:43,6
DA:44,6
DA:45,6
DA:46,0
DA:47,0
DA:48,0
DA:49,0
DA:50,0
DA:51,0
DA:52,1
DA:53,1
DA:54,1
DA:55,1
DA:56,1
DA:57,1
DA:58,1
DA:59,1
DA:60,1
DA:61,1
DA:62,1
DA:63,1
DA:64,1
LF:64
LH:58
BRDA:21,0,0,1
BRDA:26,1,0,1
BRDA:42,2,0,6
BRDA:46,3,0,0
BRDA:60,4,0,1
BRF:5
BRH:4
end_of_record
TN:
SF:src\presentation\comment\controller.ts
FN:6,CommentController
FN:8,CommentController.handleError
FN:17,CommentController.createComment
FN:29,CommentController.getAllComment
FN:36,CommentController.updateComment
FN:43,CommentController.deleteComment
FNF:6
FNH:1
FNDA:3,CommentController
FNDA:0,CommentController.handleError
FNDA:0,CommentController.createComment
FNDA:0,CommentController.getAllComment
FNDA:0,CommentController.updateComment
FNDA:0,CommentController.deleteComment
DA:1,1
DA:2,1
DA:3,1
DA:4,1
DA:5,1
DA:6,1
DA:7,1
DA:8,1
DA:9,0
DA:10,0
DA:11,0
DA:12,0
DA:13,0
DA:14,0
DA:15,1
DA:16,1
DA:17,1
DA:18,0
DA:19,0
DA:20,0
DA:21,0
DA:22,0
DA:23,0
DA:24,0
DA:25,0
DA:26,0
DA:27,1
DA:28,1
DA:29,1
DA:30,0
DA:31,0
DA:32,0
DA:33,0
DA:34,1
DA:35,1
DA:36,1
DA:37,0
DA:38,0
DA:39,0
DA:40,0
DA:41,1
DA:42,1
DA:43,1
DA:44,0
DA:45,0
DA:46,0
DA:47,0
DA:48,0
DA:49,0
DA:50,0
DA:51,1
DA:52,1
LF:52
LH:22
BRDA:6,0,0,3
BRF:1
BRH:1
end_of_record
TN:
SF:src\presentation\comment\routes.ts
FN:11,get routes
FNF:1
FNH:1
FNDA:3,get routes
DA:1,1
DA:2,1
DA:3,1
DA:4,1
DA:5,1
DA:6,1
DA:7,1
DA:8,1
DA:9,1
DA:10,1
DA:11,1
DA:12,3
DA:13,3
DA:14,3
DA:15,3
DA:16,3
DA:17,3
DA:18,3
DA:19,3
DA:20,3
DA:21,3
DA:22,3
DA:23,3
DA:24,3
DA:25,3
DA:26,3
DA:27,3
DA:28,3
DA:29,3
DA:30,3
DA:31,3
DA:32,3
DA:33,3
DA:34,3
DA:35,3
DA:36,3
DA:37,3
DA:38,3
DA:39,3
DA:40,1
LF:40
LH:40
BRDA:11,0,0,3
BRF:1
BRH:1
end_of_record
TN:
SF:src\presentation\middlewares\auth.middleware.ts
FN:6,protect
FN:37,Object.<anonymous>.AuthMiddleware.restrictTo
FNF:2
FNH:2
FNDA:1,protect
FNDA:3,Object.<anonymous>.AuthMiddleware.restrictTo
DA:1,1
DA:2,1
DA:3,1
DA:4,1
DA:5,1
DA:6,1
DA:7,1
DA:8,1
DA:9,1
DA:10,1
DA:11,1
DA:12,1
DA:13,1
DA:14,1
DA:15,1
DA:16,1
DA:17,1
DA:18,1
DA:19,1
DA:20,1
DA:21,1
DA:22,1
DA:23,1
DA:24,1
DA:25,1
DA:26,1
DA:27,1
DA:28,1
DA:29,1
DA:30,1
DA:31,1
DA:32,0
DA:33,0
DA:34,0
DA:35,1
DA:36,1
DA:37,1
DA:38,3
DA:39,0
DA:40,0
DA:41,0
DA:42,0
DA:43,0
DA:44,0
DA:45,3
DA:46,3
DA:47,1
LF:47
LH:38
BRDA:6,0,0,1
BRDA:10,1,0,0
BRDA:13,2,0,0
BRDA:15,3,0,0
BRDA:19,4,0,0
BRDA:27,5,0,0
BRDA:31,6,0,0
BRDA:37,7,0,3
BRF:8
BRH:2
end_of_record
TN:
SF:src\presentation\post\controller.ts
FN:6,PostController
FN:8,PostController.handleError
FN:17,PostController.createPost
FN:30,PostController.findAllPost
FN:39,PostController.findOnePost
FN:50,PostController.updatePost
FN:65,PostController.deletePost
FNF:7
FNH:1
FNDA:3,PostController
FNDA:0,PostController.handleError
FNDA:0,PostController.createPost
FNDA:0,PostController.findAllPost
FNDA:0,PostController.findOnePost
FNDA:0,PostController.updatePost
FNDA:0,PostController.deletePost
DA:1,1
DA:2,1
DA:3,1
DA:4,1
DA:5,1
DA:6,1
DA:7,1
DA:8,1
DA:9,0
DA:10,0
DA:11,0
DA:12,0
DA:13,0
DA:14,0
DA:15,1
DA:16,1
DA:17,1
DA:18,0
DA:19,0
DA:20,0
DA:21,0
DA:22,0
DA:23,0
DA:24,0
DA:25,0
DA:26,0
DA:27,0
DA:28,1
DA:29,1
DA:30,1
DA:31,0
DA:32,0
DA:33,0
DA:34,0
DA:35,0
DA:36,0
DA:37,1
DA:38,1
DA:39,1
DA:40,0
DA:41,0
DA:42,0
DA:43,0
DA:44,0
DA:45,0
DA:46,0
DA:47,0
DA:48,1
DA:49,1
DA:50,1
DA:51,0
DA:52,0
DA:53,0
DA:54,0
DA:55,0
DA:56,0
DA:57,0
DA:58,0
DA:59,0
DA:60,0
DA:61,0
DA:62,0
DA:63,1
DA:64,1
DA:65,1
DA:66,0
DA:67,0
DA:68,0
DA:69,0
DA:70,0
DA:71,0
DA:72,0
DA:73,0
DA:74,1
DA:75,1
LF:75
LH:25
BRDA:6,0,0,3
BRF:1
BRH:1
end_of_record
TN:
SF:src\presentation\post\router.ts
FN:11,get routes
FNF:1
FNH:1
FNDA:3,get routes
DA:1,1
DA:2,1
DA:3,1
DA:4,1
DA:5,1
DA:6,1
DA:7,1
DA:8,1
DA:9,1
DA:10,1
DA:11,1
DA:12,3
DA:13,3
DA:14,3
DA:15,3
DA:16,3
DA:17,3
DA:18,3
DA:19,3
DA:20,3
DA:21,3
DA:22,3
DA:23,3
DA:24,3
DA:25,3
DA:26,3
DA:27,3
DA:28,3
DA:29,3
DA:30,3
DA:31,3
DA:32,3
DA:33,3
DA:34,3
DA:35,1
LF:35
LH:35
BRDA:11,0,0,3
BRF:1
BRH:1
end_of_record
TN:
SF:src\presentation\services\comment.service.ts
FN:8,CommentService
FN:13,findAllComents
FN:25,findOneComment
FN:37,createComment
FN:59,deleteComment
FN:77,updateComment
FNF:6
FNH:1
FNDA:3,CommentService
FNDA:0,findAllComents
FNDA:0,findOneComment
FNDA:0,createComment
FNDA:0,deleteComment
FNDA:0,updateComment
DA:1,1
DA:2,1
DA:3,1
DA:4,1
DA:5,1
DA:6,1
DA:7,1
DA:8,1
DA:9,3
DA:10,3
DA:11,3
DA:12,1
DA:13,1
DA:14,0
DA:15,0
DA:16,0
DA:17,0
DA:18,0
DA:19,0
DA:20,0
DA:21,0
DA:22,0
DA:23,0
DA:24,1
DA:25,1
DA:26,0
DA:27,0
DA:28,0
DA:29,0
DA:30,0
DA:31,0
DA:32,0
DA:33,0
DA:34,0
DA:35,0
DA:36,1
DA:37,1
DA:38,0
DA:39,0
DA:40,0
DA:41,0
DA:42,0
DA:43,0
DA:44,0
DA:45,0
DA:46,0
DA:47,0
DA:48,0
DA:49,0
DA:50,0
DA:51,0
DA:52,0
DA:53,0
DA:54,0
DA:55,0
DA:56,0
DA:57,0
DA:58,1
DA:59,1
DA:60,0
DA:61,0
DA:62,0
DA:63,0
DA:64,0
DA:65,0
DA:66,0
DA:67,0
DA:68,0
DA:69,0
DA:70,0
DA:71,0
DA:72,0
DA:73,0
DA:74,0
DA:75,0
DA:76,1
DA:77,1
DA:78,0
DA:79,0
DA:80,0
DA:81,0
DA:82,0
DA:83,1
LF:83
LH:22
BRDA:8,0,0,3
BRF:1
BRH:1
end_of_record
TN:
SF:src\presentation\services\email.service.ts
FN:18,EmailService
FN:33,sendEmail
FNF:2
FNH:2
FNDA:9,EmailService
FNDA:1,sendEmail
DA:1,1
DA:2,1
DA:3,1
DA:4,1
DA:5,1
DA:6,1
DA:7,1
DA:8,1
DA:9,1
DA:10,1
DA:11,1
DA:12,1
DA:13,1
DA:14,1
DA:15,1
DA:16,1
DA:17,1
DA:18,1
DA:19,9
DA:20,9
DA:21,9
DA:22,9
DA:23,9
DA:24,9
DA:25,9
DA:26,9
DA:27,9
DA:28,9
DA:29,9
DA:30,9
DA:31,9
DA:32,1
DA:33,1
DA:34,1
DA:35,1
DA:36,1
DA:37,1
DA:38,1
DA:39,1
DA:40,1
DA:41,1
DA:42,1
DA:43,1
DA:44,1
DA:45,0
DA:46,0
DA:47,0
DA:48,0
DA:49,0
DA:50,0
DA:51,1
DA:52,1
LF:52
LH:46
BRDA:18,0,0,9
BRDA:33,1,0,1
BRDA:36,2,0,0
BRDA:45,3,0,0
BRF:4
BRH:2
end_of_record
TN:
SF:src\presentation\services\post.service.ts
FN:8,PostService
FN:10,findAllPost
FN:60,findOnePost
FN:93,createPost
FN:139,updatePost
FN:150,deletePost
FNF:6
FNH:1
FNDA:6,PostService
FNDA:0,findAllPost
FNDA:0,findOnePost
FNDA:0,createPost
FNDA:0,updatePost
FNDA:0,deletePost
DA:1,1
DA:2,1
DA:3,1
DA:4,1
DA:5,1
DA:6,1
DA:7,1
DA:8,1
DA:9,1
DA:10,1
DA:11,0
DA:12,0
DA:13,0
DA:14,0
DA:15,0
DA:16,0
DA:17,0
DA:18,0
DA:19,0
DA:20,0
DA:21,0
DA:22,0
DA:23,0
DA:24,0
DA:25,0
DA:26,0
DA:27,0
DA:28,0
DA:29,0
DA:30,0
DA:31,0
DA:32,0
DA:33,0
DA:34,0
DA:35,0
DA:36,0
DA:37,0
DA:38,0
DA:39,0
DA:40,0
DA:41,0
DA:42,0
DA:43,0
DA:44,0
DA:45,0
DA:46,0
DA:47,0
DA:48,0
DA:49,0
DA:50,0
DA:51,0
DA:52,0
DA:53,0
DA:54,0
DA:55,0
DA:56,0
DA:57,0
DA:58,0
DA:59,1
DA:60,1
DA:61,0
DA:62,0
DA:63,0
DA:64,0
DA:65,0
DA:66,0
DA:67,0
DA:68,0
DA:69,0
DA:70,0
DA:71,0
DA:72,0
DA:73,0
DA:74,0
DA:75,0
DA:76,0
DA:77,0
DA:78,0
DA:79,0
DA:80,0
DA:81,0
DA:82,0
DA:83,0
DA:84,0
DA:85,0
DA:86,0
DA:87,0
DA:88,0
DA:89,0
DA:90,0
DA:91,0
DA:92,1
DA:93,1
DA:94,0
DA:95,0
DA:96,0
DA:97,0
DA:98,0
DA:99,0
DA:100,0
DA:101,0
DA:102,0
DA:103,0
DA:104,0
DA:105,0
DA:106,0
DA:107,0
DA:108,0
DA:109,0
DA:110,0
DA:111,0
DA:112,0
DA:113,0
DA:114,0
DA:115,0
DA:116,0
DA:117,0
DA:118,0
DA:119,0
DA:120,0
DA:121,0
DA:122,0
DA:123,0
DA:124,0
DA:125,0
DA:126,0
DA:127,0
DA:128,0
DA:129,0
DA:130,0
DA:131,0
DA:132,0
DA:133,0
DA:134,0
DA:135,0
DA:136,0
DA:137,0
DA:138,1
DA:139,1
DA:140,0
DA:141,0
DA:142,0
DA:143,0
DA:144,0
DA:145,0
DA:146,0
DA:147,0
DA:148,0
DA:149,1
DA:150,1
DA:151,0
DA:152,0
DA:153,0
DA:154,0
DA:155,0
DA:156,0
DA:157,0
DA:158,0
DA:159,0
DA:160,0
DA:161,1
LF:161
LH:19
BRDA:8,0,0,6
BRF:1
BRH:1
end_of_record
TN:
SF:src\presentation\services\user.service.ts
FN:10,UserService
FN:113,UserService.sendEmailValidationLink
FN:133,UserService.validateEmail
FN:12,login
FN:47,register
FN:100,findUserByEmail
FN:156,getUserProfile
FN:167,findOneUser
FN:183,blockAccount
FNF:9
FNH:6
FNDA:9,UserService
FNDA:1,UserService.sendEmailValidationLink
FNDA:0,UserService.validateEmail
FNDA:3,login
FNDA:1,register
FNDA:3,findUserByEmail
FNDA:1,getUserProfile
FNDA:0,findOneUser
FNDA:0,blockAccount
DA:1,1
DA:2,1
DA:3,1
DA:4,1
DA:5,1
DA:6,1
DA:7,1
DA:8,1
DA:9,1
DA:10,1
DA:11,1
DA:12,1
DA:13,3
DA:14,3
DA:15,3
DA:16,2
DA:17,2
DA:18,2
DA:19,2
DA:20,2
DA:21,3
DA:22,1
DA:23,1
DA:24,3
DA:25,1
DA:26,1
DA:27,1
DA:28,1
DA:29,1
DA:30,1
DA:31,1
DA:32,1
DA:33,1
DA:34,1
DA:35,1
DA:36,1
DA:37,1
DA:38,1
DA:39,1
DA:40,1
DA:41,1
DA:42,1
DA:43,1
DA:44,1
DA:45,1
DA:46,1
DA:47,1
DA:48,1
DA:49,1
DA:50,1
DA:51,1
DA:52,1
DA:53,1
DA:54,1
DA:55,1
DA:56,1
DA:57,1
DA:58,1
DA:59,1
DA:60,1
DA:61,1
DA:62,1
DA:63,0
DA:64,0
DA:65,0
DA:66,0
DA:67,0
DA:68,0
DA:69,0
DA:70,0
DA:71,0
DA:72,0
DA:73,0
DA:74,0
DA:75,0
DA:76,0
DA:77,0
DA:78,1
DA:79,1
DA:80,1
DA:81,1
DA:82,1
DA:83,1
DA:84,1
DA:85,1
DA:86,1
DA:87,1
DA:88,1
DA:89,1
DA:90,1
DA:91,0
DA:92,0
DA:93,0
DA:94,0
DA:95,0
DA:96,0
DA:97,0
DA:98,1
DA:99,1
DA:100,1
DA:101,3
DA:102,3
DA:103,3
DA:104,3
DA:105,3
DA:106,3
DA:107,3
DA:108,3
DA:109,2
DA:110,2
DA:111,2
DA:112,1
DA:113,1
DA:114,1
DA:115,1
DA:116,1
DA:117,1
DA:118,1
DA:119,1
DA:120,1
DA:121,1
DA:122,1
DA:123,1
DA:124,1
DA:125,1
DA:126,1
DA:127,1
DA:128,1
DA:129,1
DA:130,1
DA:131,1
DA:132,1
DA:133,1
DA:134,0
DA:135,0
DA:136,0
DA:137,0
DA:138,0
DA:139,0
DA:140,0
DA:141,0
DA:142,0
DA:143,0
DA:144,0
DA:145,0
DA:146,0
DA:147,0
DA:148,0
DA:149,0
DA:150,0
DA:151,0
DA:152,0
DA:153,0
DA:154,0
DA:155,1
DA:156,1
DA:157,1
DA:158,1
DA:159,1
DA:160,1
DA:161,1
DA:162,1
DA:163,1
DA:164,1
DA:165,1
DA:166,1
DA:167,1
DA:168,0
DA:169,0
DA:170,0
DA:171,0
DA:172,0
DA:173,0
DA:174,0
DA:175,0
DA:176,0
DA:177,0
DA:178,0
DA:179,0
DA:180,0
DA:181,0
DA:182,1
DA:183,1
DA:184,0
DA:185,0
DA:186,1
LF:186
LH:127
BRDA:10,0,0,9
BRDA:113,1,0,1
BRDA:113,2,0,1
BRDA:115,3,0,0
BRDA:128,4,0,0
BRDA:12,5,0,3
BRDA:16,6,0,2
BRDA:21,7,0,1
BRDA:24,8,0,0
BRDA:25,9,0,1
BRDA:47,10,0,1
BRDA:62,11,0,0
BRDA:62,12,0,0
BRDA:62,13,0,0
BRDA:90,14,0,0
BRDA:100,15,0,3
BRDA:108,16,0,1
BRDA:109,17,0,2
BRDA:156,18,0,1
BRF:19
BRH:12
end_of_record
TN:
SF:src\presentation\user\controller.ts
FN:6,UserController
FN:8,UserController.handleError
FN:17,UserController.login
FN:28,UserController.register
FN:39,UserController.validateAccount
FN:48,UserController.getProfile
FN:55,UserController.blockAccount
FN:62,UserController.findOneUser
FNF:8
FNH:5
FNDA:3,UserController
FNDA:2,UserController.handleError
FNDA:4,UserController.login
FNDA:1,UserController.register
FNDA:0,UserController.validateAccount
FNDA:1,UserController.getProfile
FNDA:0,UserController.blockAccount
FNDA:0,UserController.findOneUser
DA:1,1
DA:2,1
DA:3,1
DA:4,1
DA:5,1
DA:6,1
DA:7,1
DA:8,1
DA:9,2
DA:10,2
DA:11,2
DA:12,0
DA:13,0
DA:14,0
DA:15,1
DA:16,1
DA:17,1
DA:18,4
DA:19,4
DA:20,4
DA:21,3
DA:22,3
DA:23,3
DA:24,3
DA:25,3
DA:26,1
DA:27,1
DA:28,1
DA:29,1
DA:30,1
DA:31,1
DA:32,1
DA:33,1
DA:34,1
DA:35,1
DA:36,1
DA:37,1
DA:38,1
DA:39,1
DA:40,0
DA:41,0
DA:42,0
DA:43,0
DA:44,0
DA:45,0
DA:46,1
DA:47,1
DA:48,1
DA:49,1
DA:50,1
DA:51,1
DA:52,1
DA:53,1
DA:54,1
DA:55,1
DA:56,0
DA:57,0
DA:58,0
DA:59,0
DA:60,1
DA:61,1
DA:62,1
DA:63,0
DA:64,0
DA:65,0
DA:66,0
DA:67,1
DA:68,1
LF:68
LH:51
BRDA:6,0,0,3
BRDA:8,1,0,2
BRDA:12,2,0,0
BRDA:17,3,0,4
BRDA:20,4,0,1
BRDA:21,5,0,3
BRDA:24,6,0,1
BRDA:25,7,0,2
BRDA:28,8,0,1
BRDA:31,9,0,0
BRDA:35,10,0,1
BRDA:48,11,0,1
BRDA:51,12,0,1
BRF:13
BRH:11
end_of_record
TN:
SF:src\presentation\user\route.ts
FN:11,get routes
FNF:1
FNH:1
FNDA:3,get routes
DA:1,1
DA:2,1
DA:3,1
DA:4,1
DA:5,1
DA:6,1
DA:7,1
DA:8,1
DA:9,1
DA:10,1
DA:11,1
DA:12,3
DA:13,3
DA:14,3
DA:15,3
DA:16,3
DA:17,3
DA:18,3
DA:19,3
DA:20,3
DA:21,3
DA:22,3
DA:23,3
DA:24,3
DA:25,3
DA:26,3
DA:27,3
DA:28,3
DA:29,3
DA:30,3
DA:31,3
DA:32,3
DA:33,3
DA:34,3
DA:35,3
DA:36,3
DA:37,3
DA:38,3
DA:39,3
DA:40,3
DA:41,3
DA:42,3
DA:43,1
LF:43
LH:43
BRDA:11,0,0,3
BRF:1
BRH:1
end_of_record
TN:
SF:test\test-server.ts
FNF:0
FNH:0
DA:1,1
DA:2,1
DA:3,1
DA:4,1
DA:5,1
DA:6,1
DA:7,1
DA:8,1
LF:8
LH:8
BRF:0
BRH:0
end_of_record
